<?xml version="1.0" encoding="UTF-8" ?>
<testsuite failures="0" time="0.726" errors="0" skipped="0" tests="4" name="com.epam.cdpdb.dao.StationDaoTest">
  <properties>
[...]
</properties>
  <testcase time="0.221" classname="com.epam.cdpdb.dao.StationDaoTest" name="checkFindAllUsingConnections"/>
  <testcase time="0" classname="com.epam.cdpdb.dao.StationDaoTest" name="checkFindAllUsingConnections"/>
  <testcase time="0.006" classname="com.epam.cdpdb.dao.StationDaoTest" name="checkFindAllUsingConnections"/>
  <testcase time="0.004" classname="com.epam.cdpdb.dao.StationDaoTest" name="checkFindAllUsingConnections"/>
</testsuite>