<?xml version="1.0" encoding="UTF-8"?>
<!-- Generated by org.testng.reporters.JUnitXMLReporter -->
<testsuite hostname="EPUAKHAW0133" name="Command line test" tests="4" failures="0" timestamp="7 Oct 2015 17:10:26 GMT" time="0.253" errors="0">
  <testcase name="checkFindAllUsingConnections" time="0.221" classname="com.epam.cdpdb.dao.StationDaoTest"/>
  <testcase name="checkFindAllUsingConnections" time="0.001" classname="com.epam.cdpdb.dao.StationDaoTest"/>
  <testcase name="checkFindAllUsingConnections" time="0.005" classname="com.epam.cdpdb.dao.StationDaoTest"/>
  <testcase name="checkFindAllUsingConnections" time="0.004" classname="com.epam.cdpdb.dao.StationDaoTest"/>
</testsuite> <!-- Command line test -->
